[debug] [2018-04-11T13:49:12.623Z] ----------------------------------------------------------------------
[debug] [2018-04-11T13:49:12.628Z] Command:       C:\Program Files\nodejs\node.exe C:\Users\Edhi7\AppData\Roaming\npm\node_modules\firebase-tools\bin\firebase serve
[debug] [2018-04-11T13:49:12.629Z] CLI Version:   3.17.7
[debug] [2018-04-11T13:49:12.629Z] Platform:      win32
[debug] [2018-04-11T13:49:12.629Z] Node Version:  v8.10.0
[debug] [2018-04-11T13:49:12.629Z] Time:          Wed Apr 11 2018 15:49:12 GMT+0200 (W. Europe Daylight Time)
[debug] [2018-04-11T13:49:12.630Z] ----------------------------------------------------------------------
[debug] 
[debug] [2018-04-11T13:49:12.650Z] > command requires scopes: ["email","openid","https://www.googleapis.com/auth/cloudplatformprojects.readonly","https://www.googleapis.com/auth/firebase","https://www.googleapis.com/auth/cloud-platform"]
[debug] [2018-04-11T13:49:12.651Z] > authorizing via signed-in user
[debug] [2018-04-11T13:49:12.653Z] > refreshing access token with scopes: ["email","https://www.googleapis.com/auth/cloud-platform","https://www.googleapis.com/auth/cloudplatformprojects.readonly","https://www.googleapis.com/auth/firebase","openid"]
[debug] [2018-04-11T13:49:12.654Z] >>> HTTP REQUEST POST https://www.googleapis.com/oauth2/v3/token  
 { refresh_token: '1/IhlCtUxu4F-vSENOdMvGHFkUIYayEnVZhwTob4asJUo',
  client_id: '563584335869-fgrhgmd47bqnekij5i8b5pr03ho849e6.apps.googleusercontent.com',
  client_secret: 'j9iVZfS8kkCEFUPaAeJV0sAi',
  grant_type: 'refresh_token',
  scope: 'email https://www.googleapis.com/auth/cloud-platform https://www.googleapis.com/auth/cloudplatformprojects.readonly https://www.googleapis.com/auth/firebase openid' } 
 Wed Apr 11 2018 15:49:12 GMT+0200 (W. Europe Daylight Time)
[debug] [2018-04-11T13:49:12.880Z] <<< HTTP RESPONSE 200
[debug] [2018-04-11T13:49:12.889Z] >>> HTTP REQUEST GET https://admin.firebase.com/v1/projects/aeoni-b7fe2  
  
 Wed Apr 11 2018 15:49:12 GMT+0200 (W. Europe Daylight Time)
[debug] [2018-04-11T13:49:13.726Z] <<< HTTP RESPONSE 200
[debug] [2018-04-11T13:49:13.727Z] >>> HTTP REQUEST GET https://admin.firebase.com/v1/database/aeoni-b7fe2/tokens  
  
 Wed Apr 11 2018 15:49:13 GMT+0200 (W. Europe Daylight Time)
[debug] [2018-04-11T13:49:14.739Z] <<< HTTP RESPONSE 200
[debug] [2018-04-11T13:49:14.740Z] >>> HTTP REQUEST GET https://cloudresourcemanager.googleapis.com/v1/projects/aeoni-b7fe2  
  
 Wed Apr 11 2018 15:49:14 GMT+0200 (W. Europe Daylight Time)
[debug] [2018-04-11T13:49:15.659Z] <<< HTTP RESPONSE 200
[info] 
[info] === Serving from 'C:\Users\Edhi7\Documents\html projects\Aeoni'...
[info] 
[debug] [2018-04-11T13:49:15.663Z] >>> HTTP REQUEST GET https://mobilesdk-pa.googleapis.com/v1/projects/978297012441/clients/_:getWebAppConfig  
  
 Wed Apr 11 2018 15:49:15 GMT+0200 (W. Europe Daylight Time)
[debug] [2018-04-11T13:49:16.369Z] <<< HTTP RESPONSE 200
[info] i  hosting: Serving hosting files from: public
[info] +  hosting: Local server: http://localhost:5000

